Running on node: mtx30
SLURM_JOB_NODELIST: mtx30
SLURM_CPUS_PER_TASK: 64
WORKDIR: /scratch/applicata/alessandro.fuschi2/trigger-analyses/notebooks/tpot2
Using n_jobs: 64
Input shape: (1331, 17)
Columns: ['heartrate', 'steps', 'cal', 'bphigh', 'bplow', 'bodytemp', 'skintemp', 'sleepduration', 'awake', 'insomnia', 'remsleep', 'lightsleep', 'deepsleep', 'sleepquality', 'fallsleepefficiency', 'userId', 'heatwave']

Target distribution:
heatwave
0    1276
1      55
Name: count, dtype: int64

Number of subjects:
27

Predictor shape: (1331, 15)
Predictors: ['heartrate', 'steps', 'cal', 'bphigh', 'bplow', 'bodytemp', 'skintemp', 'sleepduration', 'awake', 'insomnia', 'remsleep', 'lightsleep', 'deepsleep', 'sleepquality', 'fallsleepefficiency']

Train samples: 937
Test samples: 394

Train subjects: 21
Test subjects: 6

Train label distribution:
heatwave
0    897
1     40
Name: count, dtype: int64

Test label distribution:
heatwave
0    379
1     15
Name: count, dtype: int64

Balanced accuracy: 0.5262093227792437
Matthews correlation coefficient: 0.020350036266437287

Classification report:
              precision    recall  f1-score   support

           0       0.97      0.59      0.73       379
           1       0.04      0.47      0.08        15

    accuracy                           0.58       394
   macro avg       0.50      0.53      0.40       394
weighted avg       0.93      0.58      0.70       394


Saved fitted pipeline: outputs/results/tpot2_heatwave_fitted_pipeline.joblib

Saved predictions: outputs/results/tpot2_heatwave_predictions.tsv
Saved confusion matrix: outputs/results/tpot2_heatwave_confusion_matrix.tsv
Saved metrics: outputs/results/tpot2_heatwave_metrics.tsv
Saved classification report: outputs/results/tpot2_heatwave_classification_report.tsv
