Running on node: mtx30
SLURM_JOB_NODELIST: mtx30
SLURM_CPUS_PER_TASK: 64
WORKDIR: /scratch/applicata/alessandro.fuschi2/trigger-analyses/notebooks/tpot2
Using n_jobs: 64
Input shape: (1331, 17)
Columns: ['heartrate', 'steps', 'cal', 'bphigh', 'bplow', 'bodytemp', 'skintemp', 'sleepduration', 'awake', 'insomnia', 'remsleep', 'lightsleep', 'deepsleep', 'sleepquality', 'fallsleepefficiency', 'userId', 'heatwave']

Target distribution:
heatwave
0    1276
1      55
Name: count, dtype: int64

Number of subjects:
27

Predictor shape: (1331, 15)
Predictors: ['heartrate', 'steps', 'cal', 'bphigh', 'bplow', 'bodytemp', 'skintemp', 'sleepduration', 'awake', 'insomnia', 'remsleep', 'lightsleep', 'deepsleep', 'sleepquality', 'fallsleepefficiency']

Train samples: 937
Test samples: 394

Train subjects: 21
Test subjects: 6

Train label distribution:
heatwave
0    897
1     40
Name: count, dtype: int64

Test label distribution:
heatwave
0    379
1     15
Name: count, dtype: int64
Using n_jobs:Using n_jobs:  6464

Input shape: Input shape:(1331, 17) 
(1331, 17)Columns:
 Columns:['heartrate', 'steps', 'cal', 'bphigh', 'bplow', 'bodytemp', 'skintemp', 'sleepduration', 'awake', 'insomnia', 'remsleep', 'lightsleep', 'deepsleep', 'sleepquality', 'fallsleepefficiency', 'userId', 'heatwave'] 
['heartrate', 'steps', 'cal', 'bphigh', 'bplow', 'bodytemp', 'skintemp', 'sleepduration', 'awake', 'insomnia', 'remsleep', 'lightsleep', 'deepsleep', 'sleepquality', 'fallsleepefficiency', 'userId', 'heatwave']
Target distribution:


Target distribution:
heatwave
0    1276
1      55
Name: count, dtype: int64
heatwave
0    1276
1      55
Name: count, dtype: int64
Number of subjects:


Number of subjects:27

27

Predictor shape:
Predictor shape:Using n_jobs:Using n_jobs:    (1331, 15)Using n_jobs:(1331, 15)6464
Using n_jobs: 
Using n_jobs:

Predictors: 64Predictors:  64
Using n_jobs: Input shape:64['heartrate', 'steps', 'cal', 'bphigh', 'bplow', 'bodytemp', 'skintemp', 'sleepduration', 'awake', 'insomnia', 'remsleep', 'lightsleep', 'deepsleep', 'sleepquality', 'fallsleepefficiency']Input shape:
Using n_jobs: ['heartrate', 'steps', 'cal', 'bphigh', 'bplow', 'bodytemp', 'skintemp', 'sleepduration', 'awake', 'insomnia', 'remsleep', 'lightsleep', 'deepsleep', 'sleepquality', 'fallsleepefficiency']Using n_jobs:Using n_jobs: 

 Input shape: 64
  (1331, 17)Input shape:(1331, 17) 64
Input shape:6464

Train samples: 
(1331, 17)

Train samples: 

Columns: (1331, 17)Columns:Input shape:
 (1331, 17) Input shape:937
 Input shape: Columns:937Input shape:
['heartrate', 'steps', 'cal', 'bphigh', 'bplow', 'bodytemp', 'skintemp', 'sleepduration', 'awake', 'insomnia', 'remsleep', 'lightsleep', 'deepsleep', 'sleepquality', 'fallsleepefficiency', 'userId', 'heatwave'] 
Columns:['heartrate', 'steps', 'cal', 'bphigh', 'bplow', 'bodytemp', 'skintemp', 'sleepduration', 'awake', 'insomnia', 'remsleep', 'lightsleep', 'deepsleep', 'sleepquality', 'fallsleepefficiency', 'userId', 'heatwave'] (1331, 17) 
 Columns:
(1331, 17)Test samples: 
(1331, 17)
['heartrate', 'steps', 'cal', 'bphigh', 'bplow', 'bodytemp', 'skintemp', 'sleepduration', 'awake', 'insomnia', 'remsleep', 'lightsleep', 'deepsleep', 'sleepquality', 'fallsleepefficiency', 'userId', 'heatwave']Test samples:(1331, 17) 
Target distribution:
 ['heartrate', 'steps', 'cal', 'bphigh', 'bplow', 'bodytemp', 'skintemp', 'sleepduration', 'awake', 'insomnia', 'remsleep', 'lightsleep', 'deepsleep', 'sleepquality', 'fallsleepefficiency', 'userId', 'heatwave']
Target distribution:
Columns:
 
['heartrate', 'steps', 'cal', 'bphigh', 'bplow', 'bodytemp', 'skintemp', 'sleepduration', 'awake', 'insomnia', 'remsleep', 'lightsleep', 'deepsleep', 'sleepquality', 'fallsleepefficiency', 'userId', 'heatwave']
Columns:394

Columns: 
Target distribution:394Columns:
heatwave
0    1276
1      55
Name: count, dtype: int64 

Target distribution:heatwave
0    1276
1      55
Name: count, dtype: int64 ['heartrate', 'steps', 'cal', 'bphigh', 'bplow', 'bodytemp', 'skintemp', 'sleepduration', 'awake', 'insomnia', 'remsleep', 'lightsleep', 'deepsleep', 'sleepquality', 'fallsleepefficiency', 'userId', 'heatwave']

 
Target distribution:
['heartrate', 'steps', 'cal', 'bphigh', 'bplow', 'bodytemp', 'skintemp', 'sleepduration', 'awake', 'insomnia', 'remsleep', 'lightsleep', 'deepsleep', 'sleepquality', 'fallsleepefficiency', 'userId', 'heatwave']
Train subjects:

['heartrate', 'steps', 'cal', 'bphigh', 'bplow', 'bodytemp', 'skintemp', 'sleepduration', 'awake', 'insomnia', 'remsleep', 'lightsleep', 'deepsleep', 'sleepquality', 'fallsleepefficiency', 'userId', 'heatwave']
heatwave
0    1276
1      55
Name: count, dtype: int64
Train subjects:['heartrate', 'steps', 'cal', 'bphigh', 'bplow', 'bodytemp', 'skintemp', 'sleepduration', 'awake', 'insomnia', 'remsleep', 'lightsleep', 'deepsleep', 'sleepquality', 'fallsleepefficiency', 'userId', 'heatwave']

Number of subjects:
 heatwave
0    1276
1      55
Name: count, dtype: int64
Number of subjects:

Target distribution:
 
heatwave
0    1276
1      55
Name: count, dtype: int64

Target distribution:21


Target distribution:

Number of subjects:21
Target distribution:
27


Number of subjects:27
heatwave
0    1276
1      55
Name: count, dtype: int64



Number of subjects:
heatwave
0    1276
1      55
Name: count, dtype: int64Test subjects:

heatwave
0    1276
1      55
Name: count, dtype: int64
27Test subjects:
heatwave
0    1276
1      55
Name: count, dtype: int64
Predictor shape:
 27
Predictor shape:

Number of subjects:
 27
 
Number of subjects:6
 
Number of subjects:

Predictor shape:6

Number of subjects:(1331, 15)


Predictor shape:(1331, 15)
27 

Predictor shape:

27
Train label distribution: 
27
(1331, 15)
Train label distribution: 27Predictors:

(1331, 15)Predictors:


Predictor shape:
(1331, 15)
 Using n_jobs:
Predictor shape:heatwave
0    897
1     40
Name: count, dtype: int64
 
Predictor shape:Predictors: heatwave
0    897
1     40
Name: count, dtype: int64

Predictor shape:['heartrate', 'steps', 'cal', 'bphigh', 'bplow', 'bodytemp', 'skintemp', 'sleepduration', 'awake', 'insomnia', 'remsleep', 'lightsleep', 'deepsleep', 'sleepquality', 'fallsleepefficiency']  
Predictors:['heartrate', 'steps', 'cal', 'bphigh', 'bplow', 'bodytemp', 'skintemp', 'sleepduration', 'awake', 'insomnia', 'remsleep', 'lightsleep', 'deepsleep', 'sleepquality', 'fallsleepefficiency']  (1331, 15)
Predictors: 
64(1331, 15)
Test label distribution: 
(1331, 15)['heartrate', 'steps', 'cal', 'bphigh', 'bplow', 'bodytemp', 'skintemp', 'sleepduration', 'awake', 'insomnia', 'remsleep', 'lightsleep', 'deepsleep', 'sleepquality', 'fallsleepefficiency']

Test label distribution: (1331, 15)


['heartrate', 'steps', 'cal', 'bphigh', 'bplow', 'bodytemp', 'skintemp', 'sleepduration', 'awake', 'insomnia', 'remsleep', 'lightsleep', 'deepsleep', 'sleepquality', 'fallsleepefficiency']

Predictors:
Train samples:Using n_jobs:
['heartrate', 'steps', 'cal', 'bphigh', 'bplow', 'bodytemp', 'skintemp', 'sleepduration', 'awake', 'insomnia', 'remsleep', 'lightsleep', 'deepsleep', 'sleepquality', 'fallsleepefficiency']
Predictors:heatwave
0    379
1     15
Name: count, dtype: int64
Predictors:
Train samples: Input shape:  heatwave
0    379
1     15
Name: count, dtype: int64
Predictors: 
Train samples:
  ['heartrate', 'steps', 'cal', 'bphigh', 'bplow', 'bodytemp', 'skintemp', 'sleepduration', 'awake', 'insomnia', 'remsleep', 'lightsleep', 'deepsleep', 'sleepquality', 'fallsleepefficiency'] 93764

Train samples: ['heartrate', 'steps', 'cal', 'bphigh', 'bplow', 'bodytemp', 'skintemp', 'sleepduration', 'awake', 'insomnia', 'remsleep', 'lightsleep', 'deepsleep', 'sleepquality', 'fallsleepefficiency'] ['heartrate', 'steps', 'cal', 'bphigh', 'bplow', 'bodytemp', 'skintemp', 'sleepduration', 'awake', 'insomnia', 'remsleep', 'lightsleep', 'deepsleep', 'sleepquality', 'fallsleepefficiency']937

Train samples:(1331, 17)

 Using n_jobs:['heartrate', 'steps', 'cal', 'bphigh', 'bplow', 'bodytemp', 'skintemp', 'sleepduration', 'awake', 'insomnia', 'remsleep', 'lightsleep', 'deepsleep', 'sleepquality', 'fallsleepefficiency']
937

 
Test samples:937 Using n_jobs:


Train samples:Test samples:937Columns:Input shape: 
64
Train samples: 
Train samples:Test samples:  
  394
Train samples:Using n_jobs:Test samples:
 64  Using n_jobs:937394Test samples:['heartrate', 'steps', 'cal', 'bphigh', 'bplow', 'bodytemp', 'skintemp', 'sleepduration', 'awake', 'insomnia', 'remsleep', 'lightsleep', 'deepsleep', 'sleepquality', 'fallsleepefficiency', 'userId', 'heatwave'](1331, 17)
   937
Using n_jobs:937394 Input shape:

 
Using n_jobs:Using n_jobs:

Train subjects:93764394
 

64 Input shape:Test samples:
Train subjects:394
Target distribution:  Columns: 


Test samples:64Test samples:
Train subjects:
(1331, 17)   

6464 21Test samples:
Train subjects: 
  Input shape:
(1331, 17)39421
Train subjects:Input shape:heatwave
0    1276
1      55
Name: count, dtype: int64

['heartrate', 'steps', 'cal', 'bphigh', 'bplow', 'bodytemp', 'skintemp', 'sleepduration', 'awake', 'insomnia', 'remsleep', 'lightsleep', 'deepsleep', 'sleepquality', 'fallsleepefficiency', 'userId', 'heatwave']
  39439421 Columns:Input shape:


  

Test subjects:39421
Input shape:Input shape:

(1331, 17)  Columns:
Train subjects:Test subjects:21(1331, 17)
Number of subjects:
Target distribution: 


Train subjects: Using n_jobs: 
Train subjects:Test subjects:
['heartrate', 'steps', 'cal', 'bphigh', 'bplow', 'bodytemp', 'skintemp', 'sleepduration', 'awake', 'insomnia', 'remsleep', 'lightsleep', 'deepsleep', 'sleepquality', 'fallsleepefficiency', 'userId', 'heatwave'](1331, 17)   



6
Train subjects:Test subjects: (1331, 17) (1331, 17)  Columns:

['heartrate', 'steps', 'cal', 'bphigh', 'bplow', 'bodytemp', 'skintemp', 'sleepduration', 'awake', 'insomnia', 'remsleep', 'lightsleep', 'deepsleep', 'sleepquality', 'fallsleepefficiency', 'userId', 'heatwave']216Test subjects:Columns:27heatwave
0    1276
1      55
Name: count, dtype: int64
  21
64
216 
Target distribution:Columns:


  


Train label distribution:216
Columns:
Columns:

['heartrate', 'steps', 'cal', 'bphigh', 'bplow', 'bodytemp', 'skintemp', 'sleepduration', 'awake', 'insomnia', 'remsleep', 'lightsleep', 'deepsleep', 'sleepquality', 'fallsleepefficiency', 'userId', 'heatwave']
 
Target distribution:Test subjects:
Train label distribution:Using n_jobs:6['heartrate', 'steps', 'cal', 'bphigh', 'bplow', 'bodytemp', 'skintemp', 'sleepduration', 'awake', 'insomnia', 'remsleep', 'lightsleep', 'deepsleep', 'sleepquality', 'fallsleepefficiency', 'userId', 'heatwave']
Predictor shape:
Number of subjects:


Test subjects: Using n_jobs: Test subjects:
Train label distribution:Using n_jobs:
heatwave
0    1276
1      55
Name: count, dtype: int64Input shape:['heartrate', 'steps', 'cal', 'bphigh', 'bplow', 'bodytemp', 'skintemp', 'sleepduration', 'awake', 'insomnia', 'remsleep', 'lightsleep', 'deepsleep', 'sleepquality', 'fallsleepefficiency', 'userId', 'heatwave']
 
 

 
heatwave
0    897
1     40
Name: count, dtype: int64Test subjects:
Train label distribution: ['heartrate', 'steps', 'cal', 'bphigh', 'bplow', 'bodytemp', 'skintemp', 'sleepduration', 'awake', 'insomnia', 'remsleep', 'lightsleep', 'deepsleep', 'sleepquality', 'fallsleepefficiency', 'userId', 'heatwave'] ['heartrate', 'steps', 'cal', 'bphigh', 'bplow', 'bodytemp', 'skintemp', 'sleepduration', 'awake', 'insomnia', 'remsleep', 'lightsleep', 'deepsleep', 'sleepquality', 'fallsleepefficiency', 'userId', 'heatwave'] 
 
Target distribution:
 
heatwave
0    1276
1      55
Name: count, dtype: int646heatwave
0    897
1     40
Name: count, dtype: int6464
Train label distribution:
Target distribution:(1331, 15)27
 
6
64
6heatwave
0    897
1     40
Name: count, dtype: int6464

Number of subjects:(1331, 17)
Target distribution:

Using n_jobs:






Test label distribution:6heatwave
0    897
1     40
Name: count, dtype: int64

Target distribution:

Target distribution:


heatwave
0    1276
1      55
Name: count, dtype: int64



Number of subjects:
Train label distribution: 
Test label distribution:heatwave
0    897
1     40
Name: count, dtype: int64heatwave
0    1276
1      55
Name: count, dtype: int64Predictors:Using n_jobs:
Predictor shape:

Input shape:

Train label distribution:


Train label distribution:
Test label distribution:
Input shape:27Columns:heatwave
0    1276
1      55
Name: count, dtype: int64
Input shape:
64


 Using n_jobs:  Using n_jobs:heatwave
0    379
1     15
Name: count, dtype: int64
Train label distribution: 
Test label distribution:
heatwave
0    1276
1      55
Name: count, dtype: int64heatwave
0    1276
1      55
Name: count, dtype: int64


Number of subjects: Using n_jobs:
 
27 heatwave
0    897
1     40
Name: count, dtype: int64
heatwave
0    379
1     15
Name: count, dtype: int64
Test label distribution:
Number of subjects:['heartrate', 'steps', 'cal', 'bphigh', 'bplow', 'bodytemp', 'skintemp', 'sleepduration', 'awake', 'insomnia', 'remsleep', 'lightsleep', 'deepsleep', 'sleepquality', 'fallsleepefficiency'] 64(1331, 15) 
Using n_jobs:
(1331, 17)Using n_jobs:
Using n_jobs:heatwave
0    897
1     40
Name: count, dtype: int64

heatwave
0    897
1     40
Name: count, dtype: int64heatwave
0    379
1     15
Name: count, dtype: int64
(1331, 17) 
Predictor shape:['heartrate', 'steps', 'cal', 'bphigh', 'bplow', 'bodytemp', 'skintemp', 'sleepduration', 'awake', 'insomnia', 'remsleep', 'lightsleep', 'deepsleep', 'sleepquality', 'fallsleepefficiency', 'userId', 'heatwave']
Number of subjects:
Using n_jobs:
(1331, 17)




64Input shape:

64 Using n_jobs:heatwave
0    897
1     40
Name: count, dtype: int64
 Using n_jobs:heatwave
0    379
1     15
Name: count, dtype: int64 Using n_jobs:Using n_jobs:

Number of subjects:Using n_jobs:
Number of subjects:
Using n_jobs:
27
64 Using n_jobs:
27 Using n_jobs:
Predictor shape:

Test label distribution:heatwave
0    379
1     15
Name: count, dtype: int6427
 Predictors:Using n_jobs:
64 
Train samples:
Columns:64 Input shape:
64  
Test label distribution:
 

Test label distribution: 
Columns:
(1331, 15) 
Target distribution:
64  Columns:


(1331, 17)  
Input shape:64 
Test label distribution: 
Input shape: 64 
6464
276427
64
Predictor shape: 
64

Predictor shape:
Input shape:64(1331, 15) Using n_jobs:heatwave
0    379
1     15
Name: count, dtype: int64
Predictor shape:
['heartrate', 'steps', 'cal', 'bphigh', 'bplow', 'bodytemp', 'skintemp', 'sleepduration', 'awake', 'insomnia', 'remsleep', 'lightsleep', 'deepsleep', 'sleepquality', 'fallsleepefficiency']64 
937
['heartrate', 'steps', 'cal', 'bphigh', 'bplow', 'bodytemp', 'skintemp', 'sleepduration', 'awake', 'insomnia', 'remsleep', 'lightsleep', 'deepsleep', 'sleepquality', 'fallsleepefficiency', 'userId', 'heatwave']Input shape:(1331, 17)
(1331, 17)

Input shape:heatwave
0    379
1     15
Name: count, dtype: int64

Input shape:
heatwave
0    379
1     15
Name: count, dtype: int64
 ['heartrate', 'steps', 'cal', 'bphigh', 'bplow', 'bodytemp', 'skintemp', 'sleepduration', 'awake', 'insomnia', 'remsleep', 'lightsleep', 'deepsleep', 'sleepquality', 'fallsleepefficiency', 'userId', 'heatwave']Using n_jobs:Predictors:
heatwave
0    1276
1      55
Name: count, dtype: int64  

['heartrate', 'steps', 'cal', 'bphigh', 'bplow', 'bodytemp', 'skintemp', 'sleepduration', 'awake', 'insomnia', 'remsleep', 'lightsleep', 'deepsleep', 'sleepquality', 'fallsleepefficiency', 'userId', 'heatwave']Input shape: 
 Columns:

(1331, 17)
heatwave
0    379
1     15
Name: count, dtype: int64
 
Input shape:
 
Input shape:Input shape:
Predictor shape: (1331, 17)Input shape:
Predictor shape:
Input shape:(1331, 15)
  Input shape: 
(1331, 15)(1331, 17)Predictors:
Input shape: 64Input shape:(1331, 15) 
Test samples: 

Target distribution:(1331, 17)Columns:Input shape: 
Train samples:Columns:(1331, 17)   
   

Target distribution:64['heartrate', 'steps', 'cal', 'bphigh', 'bplow', 'bodytemp', 'skintemp', 'sleepduration', 'awake', 'insomnia', 'remsleep', 'lightsleep', 'deepsleep', 'sleepquality', 'fallsleepefficiency'](1331, 17)Using n_jobs:
Number of subjects:

 
Target distribution: (1331, 17)
 
['heartrate', 'steps', 'cal', 'bphigh', 'bplow', 'bodytemp', 'skintemp', 'sleepduration', 'awake', 'insomnia', 'remsleep', 'lightsleep', 'deepsleep', 'sleepquality', 'fallsleepefficiency', 'userId', 'heatwave']Columns:394

Columns:  (1331, 17)  
(1331, 17)(1331, 17)(1331, 15)Columns:(1331, 17)
(1331, 15)(1331, 17)Predictors:



 
Predictors:Columns: ['heartrate', 'steps', 'cal', 'bphigh', 'bplow', 'bodytemp', 'skintemp', 'sleepduration', 'awake', 'insomnia', 'remsleep', 'lightsleep', 'deepsleep', 'sleepquality', 'fallsleepefficiency']
(1331, 17)
(1331, 17)Predictors:
 
heatwave
0    1276
1      55
Name: count, dtype: int64 ['heartrate', 'steps', 'cal', 'bphigh', 'bplow', 'bodytemp', 'skintemp', 'sleepduration', 'awake', 'insomnia', 'remsleep', 'lightsleep', 'deepsleep', 'sleepquality', 'fallsleepefficiency', 'userId', 'heatwave']Input shape:(1331, 17)
Using n_jobs:
937['heartrate', 'steps', 'cal', 'bphigh', 'bplow', 'bodytemp', 'skintemp', 'sleepduration', 'awake', 'insomnia', 'remsleep', 'lightsleep', 'deepsleep', 'sleepquality', 'fallsleepefficiency', 'userId', 'heatwave']Columns:


 Columns:

 heatwave
0    1276
1      55
Name: count, dtype: int64Columns:6427 Input shape:['heartrate', 'steps', 'cal', 'bphigh', 'bplow', 'bodytemp', 'skintemp', 'sleepduration', 'awake', 'insomnia', 'remsleep', 'lightsleep', 'deepsleep', 'sleepquality', 'fallsleepefficiency', 'userId', 'heatwave']

Train samples:heatwave
0    1276
1      55
Name: count, dtype: int64
Columns:
 
Target distribution:['heartrate', 'steps', 'cal', 'bphigh', 'bplow', 'bodytemp', 'skintemp', 'sleepduration', 'awake', 'insomnia', 'remsleep', 'lightsleep', 'deepsleep', 'sleepquality', 'fallsleepefficiency', 'userId', 'heatwave']
Train subjects:
['heartrate', 'steps', 'cal', 'bphigh', 'bplow', 'bodytemp', 'skintemp', 'sleepduration', 'awake', 'insomnia', 'remsleep', 'lightsleep', 'deepsleep', 'sleepquality', 'fallsleepefficiency', 'userId', 'heatwave']
 Columns: Columns:

 Columns:Columns:Predictors:['heartrate', 'steps', 'cal', 'bphigh', 'bplow', 'bodytemp', 'skintemp', 'sleepduration', 'awake', 'insomnia', 'remsleep', 'lightsleep', 'deepsleep', 'sleepquality', 'fallsleepefficiency', 'userId', 'heatwave'] Predictors:Columns:['heartrate', 'steps', 'cal', 'bphigh', 'bplow', 'bodytemp', 'skintemp', 'sleepduration', 'awake', 'insomnia', 'remsleep', 'lightsleep', 'deepsleep', 'sleepquality', 'fallsleepefficiency']
 

['heartrate', 'steps', 'cal', 'bphigh', 'bplow', 'bodytemp', 'skintemp', 'sleepduration', 'awake', 'insomnia', 'remsleep', 'lightsleep', 'deepsleep', 'sleepquality', 'fallsleepefficiency'] 
 
Columns: Columns:['heartrate', 'steps', 'cal', 'bphigh', 'bplow', 'bodytemp', 'skintemp', 'sleepduration', 'awake', 'insomnia', 'remsleep', 'lightsleep', 'deepsleep', 'sleepquality', 'fallsleepefficiency']

Train samples:
 
Number of subjects:

Target distribution:(1331, 17) 64 Test samples:
Target distribution:['heartrate', 'steps', 'cal', 'bphigh', 'bplow', 'bodytemp', 'skintemp', 'sleepduration', 'awake', 'insomnia', 'remsleep', 'lightsleep', 'deepsleep', 'sleepquality', 'fallsleepefficiency', 'userId', 'heatwave']   
['heartrate', 'steps', 'cal', 'bphigh', 'bplow', 'bodytemp', 'skintemp', 'sleepduration', 'awake', 'insomnia', 'remsleep', 'lightsleep', 'deepsleep', 'sleepquality', 'fallsleepefficiency', 'userId', 'heatwave']  

Number of subjects:['heartrate', 'steps', 'cal', 'bphigh', 'bplow', 'bodytemp', 'skintemp', 'sleepduration', 'awake', 'insomnia', 'remsleep', 'lightsleep', 'deepsleep', 'sleepquality', 'fallsleepefficiency', 'userId', 'heatwave']Using n_jobs:Using n_jobs:
Predictor shape:
(1331, 17)
Target distribution:Input shape:937
Number of subjects: ['heartrate', 'steps', 'cal', 'bphigh', 'bplow', 'bodytemp', 'skintemp', 'sleepduration', 'awake', 'insomnia', 'remsleep', 'lightsleep', 'deepsleep', 'sleepquality', 'fallsleepefficiency', 'userId', 'heatwave'] 
heatwave
0    1276
1      55
Name: count, dtype: int64 
Target distribution:21

Target distribution:

['heartrate', 'steps', 'cal', 'bphigh', 'bplow', 'bodytemp', 'skintemp', 'sleepduration', 'awake', 'insomnia', 'remsleep', 'lightsleep', 'deepsleep', 'sleepquality', 'fallsleepefficiency', 'userId', 'heatwave']
['heartrate', 'steps', 'cal', 'bphigh', 'bplow', 'bodytemp', 'skintemp', 'sleepduration', 'awake', 'insomnia', 'remsleep', 'lightsleep', 'deepsleep', 'sleepquality', 'fallsleepefficiency', 'userId', 'heatwave'] 

['heartrate', 'steps', 'cal', 'bphigh', 'bplow', 'bodytemp', 'skintemp', 'sleepduration', 'awake', 'insomnia', 'remsleep', 'lightsleep', 'deepsleep', 'sleepquality', 'fallsleepefficiency', 'userId', 'heatwave']['heartrate', 'steps', 'cal', 'bphigh', 'bplow', 'bodytemp', 'skintemp', 'sleepduration', 'awake', 'insomnia', 'remsleep', 'lightsleep', 'deepsleep', 'sleepquality', 'fallsleepefficiency', 'userId', 'heatwave']['heartrate', 'steps', 'cal', 'bphigh', 'bplow', 'bodytemp', 'skintemp', 'sleepduration', 'awake', 'insomnia', 'remsleep', 'lightsleep', 'deepsleep', 'sleepquality', 'fallsleepefficiency']
Target distribution:
['heartrate', 'steps', 'cal', 'bphigh', 'bplow', 'bodytemp', 'skintemp', 'sleepduration', 'awake', 'insomnia', 'remsleep', 'lightsleep', 'deepsleep', 'sleepquality', 'fallsleepefficiency']['heartrate', 'steps', 'cal', 'bphigh', 'bplow', 'bodytemp', 'skintemp', 'sleepduration', 'awake', 'insomnia', 'remsleep', 'lightsleep', 'deepsleep', 'sleepquality', 'fallsleepefficiency', 'userId', 'heatwave']

   

Train samples:
 

['heartrate', 'steps', 'cal', 'bphigh', 'bplow', 'bodytemp', 'skintemp', 'sleepduration', 'awake', 'insomnia', 'remsleep', 'lightsleep', 'deepsleep', 'sleepquality', 'fallsleepefficiency', 'userId', 'heatwave']

Train samples:['heartrate', 'steps', 'cal', 'bphigh', 'bplow', 'bodytemp', 'skintemp', 'sleepduration', 'awake', 'insomnia', 'remsleep', 'lightsleep', 'deepsleep', 'sleepquality', 'fallsleepefficiency', 'userId', 'heatwave']
937

27Using n_jobs:
heatwave
0    1276
1      55
Name: count, dtype: int64Columns:


Train samples:394heatwave
0    1276
1      55
Name: count, dtype: int64
Target distribution:
Input shape:



Target distribution:

27
Target distribution:6464(1331, 15)Columns:Using n_jobs: heatwave
0    1276
1      55
Name: count, dtype: int64(1331, 17)Test samples:27

Target distribution: 

Number of subjects:
Using n_jobs:Using n_jobs:heatwave
0    1276
1      55
Name: count, dtype: int64Test subjects:
Using n_jobs:Using n_jobs: Using n_jobs:heatwave
0    1276
1      55
Name: count, dtype: int64
 
Target distribution:
Target distribution: 937
Using n_jobs:


Target distribution: (1331, 17)
Target distribution:heatwave
0    1276
1      55
Name: count, dtype: int64
Using n_jobs:
Target distribution:



Train samples:

 
Train samples: 937

Using n_jobs:
Using n_jobs: 
Using n_jobs:
Target distribution:
Using n_jobs:937
Target distribution:Using n_jobs:
Test samples:  
 
Predictor shape:  64Using n_jobs: 64

Number of subjects:['heartrate', 'steps', 'cal', 'bphigh', 'bplow', 'bodytemp', 'skintemp', 'sleepduration', 'awake', 'insomnia', 'remsleep', 'lightsleep', 'deepsleep', 'sleepquality', 'fallsleepefficiency', 'userId', 'heatwave']
Using n_jobs:


Train subjects: 
Number of subjects:heatwave
0    1276
1      55
Name: count, dtype: int64



heatwave
0    1276
1      55
Name: count, dtype: int64 

Predictor shape:heatwave
0    1276
1      55
Name: count, dtype: int64 Predictors:['heartrate', 'steps', 'cal', 'bphigh', 'bplow', 'bodytemp', 'skintemp', 'sleepduration', 'awake', 'insomnia', 'remsleep', 'lightsleep', 'deepsleep', 'sleepquality', 'fallsleepefficiency', 'userId', 'heatwave']Input shape: 64Test samples:Input shape:
Number of subjects: 64Columns: 394

Predictor shape: 
heatwave
0    1276
1      55
Name: count, dtype: int64 

 27 6464
Number of subjects:6 (1331, 15)6464
 

Number of subjects:

heatwave
0    1276
1      55
Name: count, dtype: int64 heatwave
0    1276
1      55
Name: count, dtype: int64
Test samples: 64


heatwave
0    1276
1      55
Name: count, dtype: int64Columns:heatwave
0    1276
1      55
Name: count, dtype: int64
Number of subjects:
64heatwave
0    1276
1      55
Name: count, dtype: int64 
937 
 937

  

 64

Train subjects: 64heatwave
0    1276
1      55
Name: count, dtype: int64
64Test samples:heatwave
0    1276
1      55
Name: count, dtype: int64
64

394






64
27
Input shape:
Target distribution:
Input shape:64
Number of subjects: 2127
Number of subjects:
 
Input shape:

Number of subjects:

(1331, 15)
Number of subjects:
['heartrate', 'steps', 'cal', 'bphigh', 'bplow', 'bodytemp', 'skintemp', 'sleepduration', 'awake', 'insomnia', 'remsleep', 'lightsleep', 'deepsleep', 'sleepquality', 'fallsleepefficiency']
Target distribution:
(1331, 17)Test samples:394(1331, 17)27Input shape: ['heartrate', 'steps', 'cal', 'bphigh', 'bplow', 'bodytemp', 'skintemp', 'sleepduration', 'awake', 'insomnia', 'remsleep', 'lightsleep', 'deepsleep', 'sleepquality', 'fallsleepefficiency', 'userId', 'heatwave']
 21Input shape:(1331, 15)

Input shape:
Number of subjects:
 
Number of subjects:
Predictor shape:
Input shape:27
Train label distribution:Predictors:Input shape:Input shape:
27Input shape:
Predictor shape:Input shape: 

Number of subjects: 

394



Number of subjects:['heartrate', 'steps', 'cal', 'bphigh', 'bplow', 'bodytemp', 'skintemp', 'sleepduration', 'awake', 'insomnia', 'remsleep', 'lightsleep', 'deepsleep', 'sleepquality', 'fallsleepefficiency', 'userId', 'heatwave']
Number of subjects: 27

Number of subjects:

Test samples:
Input shape:heatwave
0    1276
1      55
Name: count, dtype: int64
 


(1331, 17)
Target distribution:
 

Number of subjects: 
394
Input shape: 
Train subjects:Input shape:  

   (1331, 17)
   (1331, 17)Input shape:heatwave
0    1276
1      55
Name: count, dtype: int64
(1331, 17)27
Test subjects:
Predictor shape:27Input shape:


(1331, 17)
27

Predictors:27  

Number of subjects:Columns:394
Train subjects: Columns:
Train samples: 
Predictor shape: 

Test subjects: (1331, 17)Predictors: 
(1331, 17)
27
27
 (1331, 15) 21(1331, 17)
(1331, 17)

Predictor shape: heatwave
0    897
1     40
Name: count, dtype: int64
['heartrate', 'steps', 'cal', 'bphigh', 'bplow', 'bodytemp', 'skintemp', 'sleepduration', 'awake', 'insomnia', 'remsleep', 'lightsleep', 'deepsleep', 'sleepquality', 'fallsleepefficiency'](1331, 17)

Columns:
Predictor shape:(1331, 17)
(1331, 15)
(1331, 17)

 
27

Columns:

Train subjects: 6 
 27

Target distribution:27

Predictor shape:
Predictor shape: 27 
394(1331, 17)
 
21
 937(1331, 15)
Columns:heatwave
0    1276
1      55
Name: count, dtype: int64
6

['heartrate', 'steps', 'cal', 'bphigh', 'bplow', 'bodytemp', 'skintemp', 'sleepduration', 'awake', 'insomnia', 'remsleep', 'lightsleep', 'deepsleep', 'sleepquality', 'fallsleepefficiency']
27Columns: 

Train subjects: 
Predictor shape: (1331, 17)


Columns: Columns:(1331, 15)
Test label distribution:

Columns: ['heartrate', 'steps', 'cal', 'bphigh', 'bplow', 'bodytemp', 'skintemp', 'sleepduration', 'awake', 'insomnia', 'remsleep', 'lightsleep', 'deepsleep', 'sleepquality', 'fallsleepefficiency', 'userId', 'heatwave'] Columns: Predictors:Columns: Columns:(1331, 17)
Number of subjects:
Predictor shape:  ['heartrate', 'steps', 'cal', 'bphigh', 'bplow', 'bodytemp', 'skintemp', 'sleepduration', 'awake', 'insomnia', 'remsleep', 'lightsleep', 'deepsleep', 'sleepquality', 'fallsleepefficiency', 'userId', 'heatwave']
Predictor shape:  

Train label distribution:(1331, 15)
Predictor shape:(1331, 17)
Predictor shape:

Columns: (1331, 15)

['heartrate', 'steps', 'cal', 'bphigh', 'bplow', 'bodytemp', 'skintemp', 'sleepduration', 'awake', 'insomnia', 'remsleep', 'lightsleep', 'deepsleep', 'sleepquality', 'fallsleepefficiency']

Predictor shape: 

27
['heartrate', 'steps', 'cal', 'bphigh', 'bplow', 'bodytemp', 'skintemp', 'sleepduration', 'awake', 'insomnia', 'remsleep', 'lightsleep', 'deepsleep', 'sleepquality', 'fallsleepefficiency', 'userId', 'heatwave']
Train subjects:Test subjects:['heartrate', 'steps', 'cal', 'bphigh', 'bplow', 'bodytemp', 'skintemp', 'sleepduration', 'awake', 'insomnia', 'remsleep', 'lightsleep', 'deepsleep', 'sleepquality', 'fallsleepefficiency', 'userId', 'heatwave']

Test samples:Predictors:  
Number of subjects:

Train label distribution:
Columns:
['heartrate', 'steps', 'cal', 'bphigh', 'bplow', 'bodytemp', 'skintemp', 'sleepduration', 'awake', 'insomnia', 'remsleep', 'lightsleep', 'deepsleep', 'sleepquality', 'fallsleepefficiency', 'userId', 'heatwave']

Predictor shape:21

Train samples:(1331, 15)
Columns:Predictors: Test subjects: ['heartrate', 'steps', 'cal', 'bphigh', 'bplow', 'bodytemp', 'skintemp', 'sleepduration', 'awake', 'insomnia', 'remsleep', 'lightsleep', 'deepsleep', 'sleepquality', 'fallsleepefficiency', 'userId', 'heatwave']
 
heatwave
0    379
1     15
Name: count, dtype: int64
 
(1331, 15)['heartrate', 'steps', 'cal', 'bphigh', 'bplow', 'bodytemp', 'skintemp', 'sleepduration', 'awake', 'insomnia', 'remsleep', 'lightsleep', 'deepsleep', 'sleepquality', 'fallsleepefficiency', 'userId', 'heatwave']

Train samples:  ['heartrate', 'steps', 'cal', 'bphigh', 'bplow', 'bodytemp', 'skintemp', 'sleepduration', 'awake', 'insomnia', 'remsleep', 'lightsleep', 'deepsleep', 'sleepquality', 'fallsleepefficiency', 'userId', 'heatwave'] 

(1331, 15)
(1331, 15)21

 
 heatwave
0    1276
1      55
Name: count, dtype: int64

Predictor shape: (1331, 15)Predictors: 
Predictor shape: (1331, 15)
Train subjects:Columns: 
Train samples:
Predictor shape: 
  6
Target distribution:
 ['heartrate', 'steps', 'cal', 'bphigh', 'bplow', 'bodytemp', 'skintemp', 'sleepduration', 'awake', 'insomnia', 'remsleep', 'lightsleep', 'deepsleep', 'sleepquality', 'fallsleepefficiency']
['heartrate', 'steps', 'cal', 'bphigh', 'bplow', 'bodytemp', 'skintemp', 'sleepduration', 'awake', 'insomnia', 'remsleep', 'lightsleep', 'deepsleep', 'sleepquality', 'fallsleepefficiency', 'userId', 'heatwave']27
heatwave
0    897
1     40
Name: count, dtype: int64 
Predictor shape: 
Target distribution:
 Test subjects:  Predictors: ['heartrate', 'steps', 'cal', 'bphigh', 'bplow', 'bodytemp', 'skintemp', 'sleepduration', 'awake', 'insomnia', 'remsleep', 'lightsleep', 'deepsleep', 'sleepquality', 'fallsleepefficiency', 'userId', 'heatwave']['heartrate', 'steps', 'cal', 'bphigh', 'bplow', 'bodytemp', 'skintemp', 'sleepduration', 'awake', 'insomnia', 'remsleep', 'lightsleep', 'deepsleep', 'sleepquality', 'fallsleepefficiency']6

Target distribution:['heartrate', 'steps', 'cal', 'bphigh', 'bplow', 'bodytemp', 'skintemp', 'sleepduration', 'awake', 'insomnia', 'remsleep', 'lightsleep', 'deepsleep', 'sleepquality', 'fallsleepefficiency', 'userId', 'heatwave']Predictors:['heartrate', 'steps', 'cal', 'bphigh', 'bplow', 'bodytemp', 'skintemp', 'sleepduration', 'awake', 'insomnia', 'remsleep', 'lightsleep', 'deepsleep', 'sleepquality', 'fallsleepefficiency', 'userId', 'heatwave']
Target distribution:


Target distribution:
937['heartrate', 'steps', 'cal', 'bphigh', 'bplow', 'bodytemp', 'skintemp', 'sleepduration', 'awake', 'insomnia', 'remsleep', 'lightsleep', 'deepsleep', 'sleepquality', 'fallsleepefficiency']
['heartrate', 'steps', 'cal', 'bphigh', 'bplow', 'bodytemp', 'skintemp', 'sleepduration', 'awake', 'insomnia', 'remsleep', 'lightsleep', 'deepsleep', 'sleepquality', 'fallsleepefficiency', 'userId', 'heatwave']Columns:27
Predictors:
Target distribution:


heatwave
0    897
1     40
Name: count, dtype: int64Predictors:(1331, 15)
Columns:(1331, 15)

Number of subjects:
 ['heartrate', 'steps', 'cal', 'bphigh', 'bplow', 'bodytemp', 'skintemp', 'sleepduration', 'awake', 'insomnia', 'remsleep', 'lightsleep', 'deepsleep', 'sleepquality', 'fallsleepefficiency', 'userId', 'heatwave']
['heartrate', 'steps', 'cal', 'bphigh', 'bplow', 'bodytemp', 'skintemp', 'sleepduration', 'awake', 'insomnia', 'remsleep', 'lightsleep', 'deepsleep', 'sleepquality', 'fallsleepefficiency']
(1331, 15)
 ['heartrate', 'steps', 'cal', 'bphigh', 'bplow', 'bodytemp', 'skintemp', 'sleepduration', 'awake', 'insomnia', 'remsleep', 'lightsleep', 'deepsleep', 'sleepquality', 'fallsleepefficiency', 'userId', 'heatwave'] 937(1331, 15)

Target distribution:21

Train label distribution:heatwave
0    1276
1      55
Name: count, dtype: int64394


Predictor shape:
['heartrate', 'steps', 'cal', 'bphigh', 'bplow', 'bodytemp', 'skintemp', 'sleepduration', 'awake', 'insomnia', 'remsleep', 'lightsleep', 'deepsleep', 'sleepquality', 'fallsleepefficiency', 'userId', 'heatwave']
Train samples:(1331, 15)heatwave
0    1276
1      55
Name: count, dtype: int64
(1331, 15)6
937 


Train label distribution:


 
heatwave
0    1276
1      55
Name: count, dtype: int64Predictors:heatwave
0    1276
1      55
Name: count, dtype: int64



Target distribution:

 
 ['heartrate', 'steps', 'cal', 'bphigh', 'bplow', 'bodytemp', 'skintemp', 'sleepduration', 'awake', 'insomnia', 'remsleep', 'lightsleep', 'deepsleep', 'sleepquality', 'fallsleepefficiency']heatwave
0    1276
1      55
Name: count, dtype: int64
Predictors:Test subjects: 

Test label distribution: Predictors: ['heartrate', 'steps', 'cal', 'bphigh', 'bplow', 'bodytemp', 'skintemp', 'sleepduration', 'awake', 'insomnia', 'remsleep', 'lightsleep', 'deepsleep', 'sleepquality', 'fallsleepefficiency', 'userId', 'heatwave']Predictors:27
(1331, 15)
Predictors: 
Predictors:Predictors:21



Train samples: Predictors: 




Train subjects: 
Target distribution: (1331, 15)
Test label distribution:
 

Number of subjects:


Train label distribution:
Test samples:['heartrate', 'steps', 'cal', 'bphigh', 'bplow', 'bodytemp', 'skintemp', 'sleepduration', 'awake', 'insomnia', 'remsleep', 'lightsleep', 'deepsleep', 'sleepquality', 'fallsleepefficiency']

Target distribution:heatwave
0    897
1     40
Name: count, dtype: int64
heatwave
0    1276
1      55
Name: count, dtype: int64

Target distribution:['heartrate', 'steps', 'cal', 'bphigh', 'bplow', 'bodytemp', 'skintemp', 'sleepduration', 'awake', 'insomnia', 'remsleep', 'lightsleep', 'deepsleep', 'sleepquality', 'fallsleepefficiency']

Target distribution:

Train samples:
 
Number of subjects:
Test samples: heatwave
0    1276
1      55
Name: count, dtype: int64

Target distribution:['heartrate', 'steps', 'cal', 'bphigh', 'bplow', 'bodytemp', 'skintemp', 'sleepduration', 'awake', 'insomnia', 'remsleep', 'lightsleep', 'deepsleep', 'sleepquality', 'fallsleepefficiency', 'userId', 'heatwave']
Predictor shape:
Train samples:

Number of subjects: 6

['heartrate', 'steps', 'cal', 'bphigh', 'bplow', 'bodytemp', 'skintemp', 'sleepduration', 'awake', 'insomnia', 'remsleep', 'lightsleep', 'deepsleep', 'sleepquality', 'fallsleepefficiency']
 
 
Predictor shape: 

Target distribution:['heartrate', 'steps', 'cal', 'bphigh', 'bplow', 'bodytemp', 'skintemp', 'sleepduration', 'awake', 'insomnia', 'remsleep', 'lightsleep', 'deepsleep', 'sleepquality', 'fallsleepefficiency']
  Test subjects:
Target distribution:Test samples: 937
['heartrate', 'steps', 'cal', 'bphigh', 'bplow', 'bodytemp', 'skintemp', 'sleepduration', 'awake', 'insomnia', 'remsleep', 'lightsleep', 'deepsleep', 'sleepquality', 'fallsleepefficiency']
heatwave
0    1276
1      55
Name: count, dtype: int64Test subjects:heatwave
0    897
1     40
Name: count, dtype: int64

Number of subjects:21




Target distribution:937Predictors: 27
Predictors:
 394

Test label distribution:

Number of subjects:

Train samples:heatwave
0    1276
1      55
Name: count, dtype: int64
 
Number of subjects:['heartrate', 'steps', 'cal', 'bphigh', 'bplow', 'bodytemp', 'skintemp', 'sleepduration', 'awake', 'insomnia', 'remsleep', 'lightsleep', 'deepsleep', 'sleepquality', 'fallsleepefficiency']

Train samples:27
394
Number of subjects:

  
['heartrate', 'steps', 'cal', 'bphigh', 'bplow', 'bodytemp', 'skintemp', 'sleepduration', 'awake', 'insomnia', 'remsleep', 'lightsleep', 'deepsleep', 'sleepquality', 'fallsleepefficiency']
Train label distribution:
heatwave
0    379
1     15
Name: count, dtype: int64
Train samples:['heartrate', 'steps', 'cal', 'bphigh', 'bplow', 'bodytemp', 'skintemp', 'sleepduration', 'awake', 'insomnia', 'remsleep', 'lightsleep', 'deepsleep', 'sleepquality', 'fallsleepefficiency']
Target distribution:['heartrate', 'steps', 'cal', 'bphigh', 'bplow', 'bodytemp', 'skintemp', 'sleepduration', 'awake', 'insomnia', 'remsleep', 'lightsleep', 'deepsleep', 'sleepquality', 'fallsleepefficiency'](1331, 15)
Predictors:
Train samples:
['heartrate', 'steps', 'cal', 'bphigh', 'bplow', 'bodytemp', 'skintemp', 'sleepduration', 'awake', 'insomnia', 'remsleep', 'lightsleep', 'deepsleep', 'sleepquality', 'fallsleepefficiency']
['heartrate', 'steps', 'cal', 'bphigh', 'bplow', 'bodytemp', 'skintemp', 'sleepduration', 'awake', 'insomnia', 'remsleep', 'lightsleep', 'deepsleep', 'sleepquality', 'fallsleepefficiency'] 6
394

Train samples:Test samples: 
 
Test label distribution:


Train samples: Test subjects: heatwave
0    1276
1      55
Name: count, dtype: int64
Predictors:heatwave
0    379
1     15
Name: count, dtype: int64

['heartrate', 'steps', 'cal', 'bphigh', 'bplow', 'bodytemp', 'skintemp', 'sleepduration', 'awake', 'insomnia', 'remsleep', 'lightsleep', 'deepsleep', 'sleepquality', 'fallsleepefficiency']

Predictor shape: ['heartrate', 'steps', 'cal', 'bphigh', 'bplow', 'bodytemp', 'skintemp', 'sleepduration', 'awake', 'insomnia', 'remsleep', 'lightsleep', 'deepsleep', 'sleepquality', 'fallsleepefficiency']heatwave
0    897
1     40
Name: count, dtype: int64

heatwave
0    1276
1      55
Name: count, dtype: int64heatwave
0    379
1     15
Name: count, dtype: int64
heatwave
0    1276
1      55
Name: count, dtype: int64 
Number of subjects:
937
 
Predictor shape: 

heatwave
0    1276
1      55
Name: count, dtype: int64

Train samples:
Target distribution:(1331, 15)937
27
heatwave
0    897
1     40
Name: count, dtype: int64

 


Predictors:   heatwave
0    1276
1      55
Name: count, dtype: int64


heatwave
0    1276
1      55
Name: count, dtype: int64
Train subjects: 
Train samples: 394

Number of subjects:
6heatwave
0    379
1     15
Name: count, dtype: int6427937
6

Number of subjects: 
heatwave
0    1276
1      55
Name: count, dtype: int64Test samples: 

Test label distribution:
Train subjects:
Train samples:

27
937
27
Test samples:27937(1331, 15)

Train subjects:27
Number of subjects: 

Test samples:

Test label distribution:
937
Train samples:heatwave
0    1276
1      55
Name: count, dtype: int64['heartrate', 'steps', 'cal', 'bphigh', 'bplow', 'bodytemp', 'skintemp', 'sleepduration', 'awake', 'insomnia', 'remsleep', 'lightsleep', 'deepsleep', 'sleepquality', 'fallsleepefficiency']['heartrate', 'steps', 'cal', 'bphigh', 'bplow', 'bodytemp', 'skintemp', 'sleepduration', 'awake', 'insomnia', 'remsleep', 'lightsleep', 'deepsleep', 'sleepquality', 'fallsleepefficiency']937
Train samples:
Number of subjects:

Train samples:
Train label distribution:
21
 937

Train samples:
Train subjects: 27


Test samples:
Train label distribution:
['heartrate', 'steps', 'cal', 'bphigh', 'bplow', 'bodytemp', 'skintemp', 'sleepduration', 'awake', 'insomnia', 'remsleep', 'lightsleep', 'deepsleep', 'sleepquality', 'fallsleepefficiency']
 (1331, 15)
 21 
Number of subjects:


Number of subjects:
Train samples:Test samples:
 

Predictors:  21

937heatwave
0    1276
1      55
Name: count, dtype: int64Predictors:  
Predictor shape:heatwave
0    379
1     15
Name: count, dtype: int64
 



 27 937

Number of subjects:Test subjects: 937Test samples: 21


Train label distribution:
Predictor shape: 
27

Number of subjects:394
heatwave
0    379
1     15
Name: count, dtype: int64
93727
Predictor shape: 
  394
Predictor shape: 394
Predictor shape:Test samples:['heartrate', 'steps', 'cal', 'bphigh', 'bplow', 'bodytemp', 'skintemp', 'sleepduration', 'awake', 'insomnia', 'remsleep', 'lightsleep', 'deepsleep', 'sleepquality', 'fallsleepefficiency']

Predictor shape:27

['heartrate', 'steps', 'cal', 'bphigh', 'bplow', 'bodytemp', 'skintemp', 'sleepduration', 'awake', 'insomnia', 'remsleep', 'lightsleep', 'deepsleep', 'sleepquality', 'fallsleepefficiency']394 
Test samples:937

Number of subjects:Test samples:937


Train samples:heatwave
0    897
1     40
Name: count, dtype: int64

Train samples:6

 937Test subjects:
Predictor shape:
 394heatwave
0    897
1     40
Name: count, dtype: int64



Predictors:
Test subjects: 
Test samples:

Train samples:(1331, 15)27937
(1331, 15)
  
Test subjects:  
Test samples: 
Number of subjects:

(1331, 15)
 Test samples: 
 

Predictor shape:Test samples:  
27 937
Train label distribution:
Test samples:394
  heatwave
0    897
1     40
Name: count, dtype: int64(1331, 15)

Test label distribution:

Predictor shape:27
Train subjects: 6 394
Predictor shape: 937



Train subjects: 

Train subjects:(1331, 15)3946
(1331, 15)
Predictor shape:394


Train subjects:
Train samples:Predictors: 394394
Train samples:27394Test samples: 394
937
Test label distribution:

heatwave
0    897
1     40
Name: count, dtype: int64
 
Test samples:6(1331, 15)



Train subjects:heatwave
0    379
1     15
Name: count, dtype: int64
 
 ['heartrate', 'steps', 'cal', 'bphigh', 'bplow', 'bodytemp', 'skintemp', 'sleepduration', 'awake', 'insomnia', 'remsleep', 'lightsleep', 'deepsleep', 'sleepquality', 'fallsleepefficiency']

Train label distribution:
 
Test samples:Predictors:
Predictor shape:Test samples:21
Predictors: 


Train label distribution:

 
Train subjects:27
  ['heartrate', 'steps', 'cal', 'bphigh', 'bplow', 'bodytemp', 'skintemp', 'sleepduration', 'awake', 'insomnia', 'remsleep', 'lightsleep', 'deepsleep', 'sleepquality', 'fallsleepefficiency']


 

 (1331, 15)
Train subjects:


Predictor shape:Test samples: 
Test label distribution:394
Train subjects: 
Predictors:
Test label distribution:Predictors: 21(1331, 15)
Predictor shape:21


Train subjects: (1331, 15) 394   Test subjects: 21Predictors:
Train subjects:heatwave
0    897
1     40
Name: count, dtype: int64
Predictors:(1331, 15)
 
Predictor shape:21937
Train subjects:
Train subjects:937
Predictor shape: 
Train subjects:394

Train samples:
 21Test samples:heatwave
0    379
1     15
Name: count, dtype: int64
 394


 21394
Train label distribution: 
 

 (1331, 15)
heatwave
0    897
1     40
Name: count, dtype: int64
21

['heartrate', 'steps', 'cal', 'bphigh', 'bplow', 'bodytemp', 'skintemp', 'sleepduration', 'awake', 'insomnia', 'remsleep', 'lightsleep', 'deepsleep', 'sleepquality', 'fallsleepefficiency'](1331, 15)394 6['heartrate', 'steps', 'cal', 'bphigh', 'bplow', 'bodytemp', 'skintemp', 'sleepduration', 'awake', 'insomnia', 'remsleep', 'lightsleep', 'deepsleep', 'sleepquality', 'fallsleepefficiency']

Train samples:  
Test label distribution:
 Predictors:21
 

  
(1331, 15) 
Train subjects: Predictors:
 (1331, 15)
Train subjects: heatwave
0    379
1     15
Name: count, dtype: int64
Train subjects:


['heartrate', 'steps', 'cal', 'bphigh', 'bplow', 'bodytemp', 'skintemp', 'sleepduration', 'awake', 'insomnia', 'remsleep', 'lightsleep', 'deepsleep', 'sleepquality', 'fallsleepefficiency']heatwave
0    379
1     15
Name: count, dtype: int64['heartrate', 'steps', 'cal', 'bphigh', 'bplow', 'bodytemp', 'skintemp', 'sleepduration', 'awake', 'insomnia', 'remsleep', 'lightsleep', 'deepsleep', 'sleepquality', 'fallsleepefficiency']Test subjects: Predictors:
Test subjects:
Test label distribution:
Predictors:
Train subjects:




Train label distribution:
Test subjects: ['heartrate', 'steps', 'cal', 'bphigh', 'bplow', 'bodytemp', 'skintemp', 'sleepduration', 'awake', 'insomnia', 'remsleep', 'lightsleep', 'deepsleep', 'sleepquality', 'fallsleepefficiency']21
heatwave
0    379
1     15
Name: count, dtype: int64
['heartrate', 'steps', 'cal', 'bphigh', 'bplow', 'bodytemp', 'skintemp', 'sleepduration', 'awake', 'insomnia', 'remsleep', 'lightsleep', 'deepsleep', 'sleepquality', 'fallsleepefficiency'] Test subjects:(1331, 15)
Test subjects:Test samples:2121Test samples:
21 937 Test subjects:394
21
 Test subjects: 
Train subjects:heatwave
0    897
1     40
Name: count, dtype: int64


6 Predictors: 6
Test subjects:  Predictors:
Train subjects:
 937
Train samples: 
Test subjects:
Train samples:
['heartrate', 'steps', 'cal', 'bphigh', 'bplow', 'bodytemp', 'skintemp', 'sleepduration', 'awake', 'insomnia', 'remsleep', 'lightsleep', 'deepsleep', 'sleepquality', 'fallsleepefficiency'] Predictors:  

 Predictors:
21
['heartrate', 'steps', 'cal', 'bphigh', 'bplow', 'bodytemp', 'skintemp', 'sleepduration', 'awake', 'insomnia', 'remsleep', 'lightsleep', 'deepsleep', 'sleepquality', 'fallsleepefficiency'] 
Predictors:
216 

['heartrate', 'steps', 'cal', 'bphigh', 'bplow', 'bodytemp', 'skintemp', 'sleepduration', 'awake', 'insomnia', 'remsleep', 'lightsleep', 'deepsleep', 'sleepquality', 'fallsleepefficiency'] 

Train label distribution:
Train samples:heatwave
0    379
1     15
Name: count, dtype: int64
Train samples: ['heartrate', 'steps', 'cal', 'bphigh', 'bplow', 'bodytemp', 'skintemp', 'sleepduration', 'awake', 'insomnia', 'remsleep', 'lightsleep', 'deepsleep', 'sleepquality', 'fallsleepefficiency']21  heatwave
0    897
1     40
Name: count, dtype: int646
937  
6 6
Train samples:394
Test subjects: 
Train samples:Test subjects:394 Test subjects:
Test samples:
6
Train subjects: Test subjects: 

21
Test label distribution:
Train label distribution:

['heartrate', 'steps', 'cal', 'bphigh', 'bplow', 'bodytemp', 'skintemp', 'sleepduration', 'awake', 'insomnia', 'remsleep', 'lightsleep', 'deepsleep', 'sleepquality', 'fallsleepefficiency']
 
 6

['heartrate', 'steps', 'cal', 'bphigh', 'bplow', 'bodytemp', 'skintemp', 'sleepduration', 'awake', 'insomnia', 'remsleep', 'lightsleep', 'deepsleep', 'sleepquality', 'fallsleepefficiency']21

Test samples:
6937
['heartrate', 'steps', 'cal', 'bphigh', 'bplow', 'bodytemp', 'skintemp', 'sleepduration', 'awake', 'insomnia', 'remsleep', 'lightsleep', 'deepsleep', 'sleepquality', 'fallsleepefficiency']
 
Train subjects:
Train samples:6
  
['heartrate', 'steps', 'cal', 'bphigh', 'bplow', 'bodytemp', 'skintemp', 'sleepduration', 'awake', 'insomnia', 'remsleep', 'lightsleep', 'deepsleep', 'sleepquality', 'fallsleepefficiency'] 6Test subjects:  
 ['heartrate', 'steps', 'cal', 'bphigh', 'bplow', 'bodytemp', 'skintemp', 'sleepduration', 'awake', 'insomnia', 'remsleep', 'lightsleep', 'deepsleep', 'sleepquality', 'fallsleepefficiency']6Test subjects:
Train label distribution:
Train samples:

heatwave
0    897
1     40
Name: count, dtype: int64
heatwave
0    897
1     40
Name: count, dtype: int64937937

Train samples:Test subjects:


Test label distribution:
Train label distribution: Test samples:
Train samples:


Train label distribution:

Train label distribution:937  
Train label distribution:
9376
Train subjects:


Train label distribution:6394
Train label distribution:
21

 
 Test subjects:heatwave
0    379
1     15
Name: count, dtype: int64




Train label distribution:  
Train samples:Test subjects:

394 394 
Train label distribution:
Train samples:Test samples:


21937heatwave
0    897
1     40
Name: count, dtype: int64

Train samples: 

 


heatwave
0    897
1     40
Name: count, dtype: int64
Train samples: 

Train label distribution:6heatwave
0    897
1     40
Name: count, dtype: int64937 

Train samples:
Test label distribution:

Test label distribution:Test samples:Test samples:
9376  heatwave
0    379
1     15
Name: count, dtype: int64heatwave
0    897
1     40
Name: count, dtype: int64

937
  heatwave
0    897
1     40
Name: count, dtype: int64heatwave
0    897
1     40
Name: count, dtype: int64Test samples:


Test label distribution:937Test samples:
Train label distribution:21heatwave
0    897
1     40
Name: count, dtype: int64
Train label distribution:

Train subjects:
937
Test subjects:



6 heatwave
0    379
1     15
Name: count, dtype: int64
  heatwave
0    897
1     40
Name: count, dtype: int64

937
6



Train subjects:
Train subjects:
heatwave
0    897
1     40
Name: count, dtype: int64937394

 Test subjects:Test samples:

Test samples: 


heatwave
0    897
1     40
Name: count, dtype: int64 
Test label distribution:Test samples: heatwave
0    897
1     40
Name: count, dtype: int64

Train label distribution:
Test label distribution:Test samples:
937
heatwave
0    379
1     15
Name: count, dtype: int64394394


Test label distribution:Test samples:
Train label distribution:Test samples:
Train label distribution:
Test label distribution:
  Test samples:



Test label distribution:
Test label distribution:394  heatwave
0    379
1     15
Name: count, dtype: int64 394heatwave
0    897
1     40
Name: count, dtype: int64Test subjects:
Test label distribution:
21
 6
Test label distribution:


 
Train label distribution:
Test samples:


Train subjects: 
 
 
heatwave
0    379
1     15
Name: count, dtype: int64
2121 
Test label distribution:Test samples:
Train subjects:


6394
394

 

Test label distribution:
heatwave
0    379
1     15
Name: count, dtype: int64394
heatwave
0    379
1     15
Name: count, dtype: int64
heatwave
0    897
1     40
Name: count, dtype: int64heatwave
0    379
1     15
Name: count, dtype: int64394
 
Train subjects:21
heatwave
0    379
1     15
Name: count, dtype: int64394heatwave
0    897
1     40
Name: count, dtype: int64394heatwave
0    897
1     40
Name: count, dtype: int64

394
  heatwave
0    379
1     15
Name: count, dtype: int64heatwave
0    379
1     15
Name: count, dtype: int64
Train subjects:



Train subjects:
Test label distribution:6
heatwave
0    379
1     15
Name: count, dtype: int64
Test subjects:


Train label distribution:



heatwave
0    897
1     40
Name: count, dtype: int64394 Test subjects:




Test subjects:Test subjects:
heatwave
0    379
1     15
Name: count, dtype: int6439421

 
Train label distribution:
Train subjects:
Train subjects: 

Train label distribution:
heatwave
0    379
1     15
Name: count, dtype: int64 
Train subjects:heatwave
0    897
1     40
Name: count, dtype: int64
Test label distribution:
Train subjects:

21 
Train subjects:
Test label distribution:
Train subjects:
Test label distribution:  
Train subjects:


21
  21heatwave
0    379
1     15
Name: count, dtype: int64

6 

 
Test label distribution:
Train subjects:
6 
 
66 
Train subjects:Test subjects:
heatwave
0    897
1     40
Name: count, dtype: int642121

heatwave
0    897
1     40
Name: count, dtype: int64
21
Test label distribution:heatwave
0    379
1     15
Name: count, dtype: int6421
 Test subjects:
21heatwave
0    379
1     15
Name: count, dtype: int6421heatwave
0    379
1     15
Name: count, dtype: int64

21  Test subjects:


Test subjects:

Train label distribution:



heatwave
0    379
1     15
Name: count, dtype: int6421 
Train label distribution:




Train label distribution:
Train label distribution:
216 
Test label distribution:Test subjects:Test subjects: 
Test label distribution:
Test subjects:heatwave
0    379
1     15
Name: count, dtype: int64Test subjects:

6
Test subjects:Test subjects:

Test subjects:

6
  6
heatwave
0    897
1     40
Name: count, dtype: int64 
 Test subjects:
heatwave
0    897
1     40
Name: count, dtype: int64  heatwave
0    897
1     40
Name: count, dtype: int64heatwave
0    897
1     40
Name: count, dtype: int64 Test subjects:
Train label distribution:
heatwave
0    379
1     15
Name: count, dtype: int6466
heatwave
0    379
1     15
Name: count, dtype: int64
66 
Train label distribution:
66

6 

Train label distribution:



Train label distribution:

Test label distribution:

6

Test label distribution:


Test label distribution:
Test label distribution:
6
heatwave
0    897
1     40
Name: count, dtype: int64

Train label distribution:
Train label distribution:


Train label distribution:
Train label distribution:
heatwave
0    897
1     40
Name: count, dtype: int64

Train label distribution:
Train label distribution:


Train label distribution:
Train label distribution:

heatwave
0    897
1     40
Name: count, dtype: int64

heatwave
0    897
1     40
Name: count, dtype: int64heatwave
0    379
1     15
Name: count, dtype: int64


Train label distribution:
heatwave
0    379
1     15
Name: count, dtype: int64

heatwave
0    379
1     15
Name: count, dtype: int64heatwave
0    379
1     15
Name: count, dtype: int64
heatwave
0    897
1     40
Name: count, dtype: int64

Test label distribution:
heatwave
0    897
1     40
Name: count, dtype: int64heatwave
0    897
1     40
Name: count, dtype: int64

heatwave
0    897
1     40
Name: count, dtype: int64heatwave
0    897
1     40
Name: count, dtype: int64

Test label distribution:
heatwave
0    897
1     40
Name: count, dtype: int64heatwave
0    897
1     40
Name: count, dtype: int64

heatwave
0    897
1     40
Name: count, dtype: int64
Test label distribution:


Test label distribution:


Test label distribution:

heatwave
0    897
1     40
Name: count, dtype: int64



heatwave
0    379
1     15
Name: count, dtype: int64
heatwave
0    379
1     15
Name: count, dtype: int64

Test label distribution:
Test label distribution:

Test label distribution:

Test label distribution:
heatwave
0    379
1     15
Name: count, dtype: int64
Test label distribution:
Test label distribution:
Test label distribution:
heatwave
0    379
1     15
Name: count, dtype: int64

heatwave
0    379
1     15
Name: count, dtype: int64heatwave
0    379
1     15
Name: count, dtype: int64

Test label distribution:




heatwave
0    379
1     15
Name: count, dtype: int64heatwave
0    379
1     15
Name: count, dtype: int64

heatwave
0    379
1     15
Name: count, dtype: int64
heatwave
0    379
1     15
Name: count, dtype: int64heatwave
0    379
1     15
Name: count, dtype: int64heatwave
0    379
1     15
Name: count, dtype: int64


heatwave
0    379
1     15
Name: count, dtype: int64



